<?xml version="1.0" encoding="UTF-8"?>
<!-- Generated by org.testng.reporters.JUnitReportReporter -->
<testsuite hostname="DESKTOP-2KSBLML" name="com.automation.exercise.com.automation.exercise.groove.TestRunner" tests="1" failures="0" timestamp="21 Oct 2019 01:21:12 GMT" time="0.015" errors="0">
  <testcase name="feature" time="0.015" classname="com.automation.exercise.com.automation.exercise.groove.TestRunner"/>
</testsuite> <!-- com.automation.exercise.com.automation.exercise.groove.TestRunner -->
