<?xml version="1.0" encoding="UTF-8"?>
<!-- Generated by org.testng.reporters.JUnitReportReporter -->
<testsuite hostname="DESKTOP-NNOCIH9" name="com.automation.exercise.com.automation.exercise.groove.TestRunner" tests="2" failures="0" timestamp="27 Oct 2019 21:45:09 GMT" time="27.306" errors="0">
  <testcase name="feature" time="5.390" classname="com.automation.exercise.com.automation.exercise.groove.TestRunner"/>
  <testcase name="feature" time="21.916" classname="com.automation.exercise.com.automation.exercise.groove.TestRunner"/>
</testsuite> <!-- com.automation.exercise.com.automation.exercise.groove.TestRunner -->
