<?xml version="1.0" encoding="UTF-8"?>
<!-- Generated by org.testng.reporters.JUnitReportReporter -->
<testsuite hostname="DESKTOP-NNOCIH9" name="com.automation.exercise.com.automation.exercise.groove.Steps.NewTest" tests="1" failures="0" timestamp="23 Oct 2019 01:00:09 GMT" time="0.040" errors="0">
  <testcase name="f" time="0.040" classname="com.automation.exercise.com.automation.exercise.groove.Steps.NewTest"/>
</testsuite> <!-- com.automation.exercise.com.automation.exercise.groove.Steps.NewTest -->
