<?xml version="1.0" encoding="UTF-8"?>
<!-- Generated by org.testng.reporters.JUnitReportReporter -->
<testsuite hostname="DESKTOP-NNOCIH9" name="com.automation.exercise.com.automation.exercise.groove.TestRunner" tests="1" failures="0" timestamp="23 Oct 2019 01:04:34 GMT" time="0.195" errors="0">
  <testcase name="feature" time="0.195" classname="com.automation.exercise.com.automation.exercise.groove.TestRunner"/>
</testsuite> <!-- com.automation.exercise.com.automation.exercise.groove.TestRunner -->
