<?xml version="1.0" encoding="UTF-8"?>
<!-- Generated by org.testng.reporters.JUnitReportReporter -->
<testsuite hostname="DESKTOP-NNOCIH9" name="com.automation.exercise.com.automation.exercise.groove.TestRunner" tests="1" failures="0" timestamp="24 Oct 2019 03:36:10 GMT" time="11.184" errors="0">
  <testcase name="feature" time="11.184" classname="com.automation.exercise.com.automation.exercise.groove.TestRunner"/>
</testsuite> <!-- com.automation.exercise.com.automation.exercise.groove.TestRunner -->
