<?xml version="1.0" encoding="UTF-8"?>
<!-- Generated by org.testng.reporters.JUnitReportReporter -->
<testsuite hostname="DESKTOP-NNOCIH9" name="TestRunner" tests="2" failures="0" timestamp="2 Nov 2019 17:25:49 GMT" time="29.726" errors="0">
  <testcase name="feature" time="24.797" classname="TestRunner"/>
  <testcase name="feature" time="4.929" classname="TestRunner"/>
</testsuite> <!-- TestRunner -->
